<?xml version="1.0" encoding="UTF-8"?>
<testng-results skipped="0" failed="0" ignored="0" total="1" passed="1">
  <reporter-output>
  </reporter-output>
  <suite name="Default suite" duration-ms="9609" started-at="2017-05-01T06:48:49Z" finished-at="2017-05-01T06:48:59Z">
    <groups>
    </groups>
    <test name="Default test" duration-ms="9609" started-at="2017-05-01T06:48:49Z" finished-at="2017-05-01T06:48:59Z">
      <class name="com.electron.test.functional.TestLoginUS010">
        <test-method status="PASS" signature="setUp()[pri:0, instance:com.electron.test.functional.TestLoginUS010@68c4039c]" name="setUp" is-config="true" duration-ms="7124" started-at="2017-05-01T12:18:49Z" finished-at="2017-05-01T12:18:56Z">
          <reporter-output>
          </reporter-output>
        </test-method> <!-- setUp -->
        <test-method status="PASS" signature="testLoginValidTC018()[pri:0, instance:com.electron.test.functional.TestLoginUS010@68c4039c]" name="testLoginValidTC018" duration-ms="2454" started-at="2017-05-01T12:18:56Z" finished-at="2017-05-01T12:18:59Z">
          <reporter-output>
          </reporter-output>
        </test-method> <!-- testLoginValidTC018 -->
        <test-method status="PASS" signature="tearDown()[pri:0, instance:com.electron.test.functional.TestLoginUS010@68c4039c]" name="tearDown" is-config="true" duration-ms="14" started-at="2017-05-01T12:18:59Z" finished-at="2017-05-01T12:18:59Z">
          <reporter-output>
          </reporter-output>
        </test-method> <!-- tearDown -->
      </class> <!-- com.electron.test.functional.TestLoginUS010 -->
    </test> <!-- Default test -->
  </suite> <!-- Default suite -->
</testng-results>
